<?xml version="1.0" encoding="UTF-8"?>
<coverage generated="1705856517140" clover="3.2.0">
  <project timestamp="1705856517140" name="All files">
    <metrics statements="70" coveredstatements="65" conditionals="34" coveredconditionals="27" methods="10" coveredmethods="10" elements="114" coveredelements="102" complexity="0" loc="70" ncloc="70" packages="1" files="2" classes="2"/>
    <file name="calculator.js" path="/home/iftekhar/Code/AgzoBackendAssignment/calculator.js">
      <metrics statements="5" coveredstatements="5" conditionals="0" coveredconditionals="0" methods="1" coveredmethods="1"/>
      <line num="3" count="10" type="stmt"/>
      <line num="4" count="10" type="stmt"/>
      <line num="5" count="10" type="stmt"/>
      <line num="6" count="10" type="stmt"/>
      <line num="9" count="1" type="stmt"/>
    </file>
    <file name="calculatorList.js" path="/home/iftekhar/Code/AgzoBackendAssignment/calculatorList.js">
      <metrics statements="65" coveredstatements="60" conditionals="34" coveredconditionals="27" methods="9" coveredmethods="9"/>
      <line num="2" count="1" type="stmt"/>
      <line num="6" count="19" type="stmt"/>
      <line num="7" count="19" type="stmt"/>
      <line num="12" count="13" type="stmt"/>
      <line num="13" count="10" type="stmt"/>
      <line num="14" count="10" type="stmt"/>
      <line num="15" count="10" type="stmt"/>
      <line num="16" count="10" type="stmt"/>
      <line num="21" count="7" type="stmt"/>
      <line num="22" count="6" type="stmt"/>
      <line num="23" count="6" type="cond" truecount="2" falsecount="0"/>
      <line num="24" count="3" type="stmt"/>
      <line num="25" count="2" type="stmt"/>
      <line num="26" count="2" type="stmt"/>
      <line num="27" count="2" type="stmt"/>
      <line num="29" count="1" type="stmt"/>
      <line num="30" count="1" type="stmt"/>
      <line num="35" count="6" type="stmt"/>
      <line num="36" count="4" type="stmt"/>
      <line num="37" count="4" type="cond" truecount="2" falsecount="0"/>
      <line num="38" count="1" type="stmt"/>
      <line num="39" count="1" type="stmt"/>
      <line num="40" count="1" type="stmt"/>
      <line num="41" count="1" type="stmt"/>
      <line num="42" count="3" type="cond" truecount="2" falsecount="0"/>
      <line num="44" count="2" type="stmt"/>
      <line num="46" count="2" type="stmt"/>
      <line num="47" count="2" type="stmt"/>
      <line num="49" count="2" type="stmt"/>
      <line num="50" count="2" type="stmt"/>
      <line num="52" count="2" type="stmt"/>
      <line num="54" count="1" type="stmt"/>
      <line num="55" count="1" type="stmt"/>
      <line num="62" count="3" type="stmt"/>
      <line num="63" count="1" type="stmt"/>
      <line num="64" count="1" type="stmt"/>
      <line num="65" count="1" type="stmt"/>
      <line num="66" count="1" type="stmt"/>
      <line num="67" count="1" type="stmt"/>
      <line num="68" count="1" type="stmt"/>
      <line num="72" count="31" type="cond" truecount="4" falsecount="0"/>
      <line num="73" count="3" type="stmt"/>
      <line num="78" count="16" type="stmt"/>
      <line num="79" count="15" type="stmt"/>
      <line num="80" count="13" type="cond" truecount="3" falsecount="2"/>
      <line num="82" count="11" type="stmt"/>
      <line num="84" count="0" type="stmt"/>
      <line num="86" count="1" type="stmt"/>
      <line num="88" count="0" type="cond" truecount="0" falsecount="2"/>
      <line num="89" count="0" type="stmt"/>
      <line num="90" count="0" type="stmt"/>
      <line num="92" count="1" type="stmt"/>
      <line num="98" count="17" type="stmt"/>
      <line num="99" count="17" type="cond" truecount="4" falsecount="0"/>
      <line num="100" count="3" type="stmt"/>
      <line num="103" count="14" type="cond" truecount="2" falsecount="0"/>
      <line num="104" count="3" type="stmt"/>
      <line num="110" count="6" type="cond" truecount="5" falsecount="0"/>
      <line num="113" count="3" type="stmt"/>
      <line num="115" count="1" type="cond" truecount="2" falsecount="0"/>
      <line num="117" count="1" type="cond" truecount="1" falsecount="1"/>
      <line num="118" count="1" type="stmt"/>
      <line num="120" count="0" type="cond" truecount="0" falsecount="2"/>
      <line num="122" count="1" type="stmt"/>
      <line num="127" count="1" type="stmt"/>
    </file>
  </project>
</coverage>
