{"/home/iftekhar/Code/AgzoBackendAssignment/calculator.js": {"path":"/home/iftekhar/Code/AgzoBackendAssignment/calculator.js","statementMap":{"0":{"start":{"line":3,"column":4},"end":{"line":3,"column":17}},"1":{"start":{"line":4,"column":4},"end":{"line":4,"column":32}},"2":{"start":{"line":5,"column":4},"end":{"line":5,"column":36}},"3":{"start":{"line":6,"column":4},"end":{"line":6,"column":37}},"4":{"start":{"line":9,"column":0},"end":{"line":9,"column":32}}},"fnMap":{"0":{"name":"(anonymous_0)","decl":{"start":{"line":2,"column":2},"end":{"line":2,"column":3}},"loc":{"start":{"line":2,"column":48},"end":{"line":7,"column":3}},"line":2}},"branchMap":{},"s":{"0":10,"1":10,"2":10,"3":10,"4":1},"f":{"0":10},"b":{},"_coverageSchema":"1a1c01bbd47fc00a2c39e90264f33305004495a9","hash":"19d18ca5e59b3ba324ce450c4754ebc09b861748"}
,"/home/iftekhar/Code/AgzoBackendAssignment/calculatorList.js": {"path":"/home/iftekhar/Code/AgzoBackendAssignment/calculatorList.js","statementMap":{"0":{"start":{"line":2,"column":23},"end":{"line":2,"column":46}},"1":{"start":{"line":6,"column":4},"end":{"line":6,"column":36}},"2":{"start":{"line":7,"column":4},"end":{"line":7,"column":30}},"3":{"start":{"line":12,"column":19},"end":{"line":12,"column":55}},"4":{"start":{"line":13,"column":15},"end":{"line":13,"column":36}},"5":{"start":{"line":14,"column":23},"end":{"line":14,"column":71}},"6":{"start":{"line":15,"column":4},"end":{"line":15,"column":44}},"7":{"start":{"line":16,"column":4},"end":{"line":16,"column":141}},"8":{"start":{"line":21,"column":4},"end":{"line":21,"column":22}},"9":{"start":{"line":22,"column":23},"end":{"line":22,"column":58}},"10":{"start":{"line":23,"column":4},"end":{"line":28,"column":5}},"11":{"start":{"line":24,"column":8},"end":{"line":24,"column":127}},"12":{"start":{"line":25,"column":8},"end":{"line":25,"column":48}},"13":{"start":{"line":26,"column":8},"end":{"line":26,"column":42}},"14":{"start":{"line":27,"column":8},"end":{"line":27,"column":145}},"15":{"start":{"line":29,"column":20},"end":{"line":29,"column":143}},"16":{"start":{"line":30,"column":4},"end":{"line":30,"column":159}},"17":{"start":{"line":35,"column":4},"end":{"line":35,"column":22}},"18":{"start":{"line":36,"column":23},"end":{"line":36,"column":58}},"19":{"start":{"line":37,"column":4},"end":{"line":56,"column":5}},"20":{"start":{"line":38,"column":8},"end":{"line":38,"column":39}},"21":{"start":{"line":39,"column":8},"end":{"line":39,"column":38}},"22":{"start":{"line":40,"column":8},"end":{"line":40,"column":37}},"23":{"start":{"line":41,"column":8},"end":{"line":41,"column":145}},"24":{"start":{"line":42,"column":11},"end":{"line":56,"column":5}},"25":{"start":{"line":44,"column":8},"end":{"line":44,"column":39}},"26":{"start":{"line":46,"column":8},"end":{"line":46,"column":38}},"27":{"start":{"line":47,"column":8},"end":{"line":47,"column":38}},"28":{"start":{"line":49,"column":8},"end":{"line":49,"column":37}},"29":{"start":{"line":50,"column":8},"end":{"line":50,"column":41}},"30":{"start":{"line":52,"column":8},"end":{"line":52,"column":145}},"31":{"start":{"line":54,"column":24},"end":{"line":54,"column":93}},"32":{"start":{"line":55,"column":8},"end":{"line":55,"column":163}},"33":{"start":{"line":62,"column":4},"end":{"line":62,"column":22}},"34":{"start":{"line":63,"column":23},"end":{"line":63,"column":58}},"35":{"start":{"line":64,"column":4},"end":{"line":64,"column":38}},"36":{"start":{"line":65,"column":4},"end":{"line":65,"column":35}},"37":{"start":{"line":66,"column":4},"end":{"line":66,"column":40}},"38":{"start":{"line":67,"column":4},"end":{"line":67,"column":39}},"39":{"start":{"line":68,"column":5},"end":{"line":68,"column":70}},"40":{"start":{"line":72,"column":4},"end":{"line":74,"column":5}},"41":{"start":{"line":73,"column":8},"end":{"line":73,"column":42}},"42":{"start":{"line":78,"column":4},"end":{"line":78,"column":30}},"43":{"start":{"line":79,"column":4},"end":{"line":79,"column":30}},"44":{"start":{"line":80,"column":4},"end":{"line":93,"column":5}},"45":{"start":{"line":82,"column":8},"end":{"line":82,"column":27}},"46":{"start":{"line":84,"column":8},"end":{"line":84,"column":27}},"47":{"start":{"line":86,"column":8},"end":{"line":86,"column":27}},"48":{"start":{"line":88,"column":8},"end":{"line":89,"column":52}},"49":{"start":{"line":89,"column":13},"end":{"line":89,"column":52}},"50":{"start":{"line":90,"column":8},"end":{"line":90,"column":27}},"51":{"start":{"line":92,"column":8},"end":{"line":92,"column":44}},"52":{"start":{"line":98,"column":22},"end":{"line":98,"column":32}},"53":{"start":{"line":99,"column":4},"end":{"line":101,"column":5}},"54":{"start":{"line":100,"column":8},"end":{"line":100,"column":68}},"55":{"start":{"line":103,"column":4},"end":{"line":105,"column":5}},"56":{"start":{"line":104,"column":8},"end":{"line":104,"column":67}},"57":{"start":{"line":110,"column":4},"end":{"line":123,"column":5}},"58":{"start":{"line":113,"column":8},"end":{"line":113,"column":25}},"59":{"start":{"line":115,"column":12},"end":{"line":115,"column":49}},"60":{"start":{"line":117,"column":8},"end":{"line":119,"column":9}},"61":{"start":{"line":118,"column":13},"end":{"line":118,"column":52}},"62":{"start":{"line":120,"column":8},"end":{"line":120,"column":45}},"63":{"start":{"line":122,"column":8},"end":{"line":122,"column":44}},"64":{"start":{"line":127,"column":0},"end":{"line":127,"column":32}}},"fnMap":{"0":{"name":"(anonymous_0)","decl":{"start":{"line":5,"column":2},"end":{"line":5,"column":3}},"loc":{"start":{"line":5,"column":16},"end":{"line":8,"column":3}},"line":5},"1":{"name":"(anonymous_1)","decl":{"start":{"line":11,"column":2},"end":{"line":11,"column":3}},"loc":{"start":{"line":11,"column":29},"end":{"line":17,"column":3}},"line":11},"2":{"name":"(anonymous_2)","decl":{"start":{"line":20,"column":2},"end":{"line":20,"column":3}},"loc":{"start":{"line":20,"column":38},"end":{"line":31,"column":3}},"line":20},"3":{"name":"(anonymous_3)","decl":{"start":{"line":34,"column":2},"end":{"line":34,"column":3}},"loc":{"start":{"line":34,"column":10},"end":{"line":58,"column":3}},"line":34},"4":{"name":"(anonymous_4)","decl":{"start":{"line":61,"column":2},"end":{"line":61,"column":3}},"loc":{"start":{"line":61,"column":11},"end":{"line":69,"column":3}},"line":61},"5":{"name":"(anonymous_5)","decl":{"start":{"line":71,"column":2},"end":{"line":71,"column":3}},"loc":{"start":{"line":71,"column":21},"end":{"line":75,"column":3}},"line":71},"6":{"name":"(anonymous_6)","decl":{"start":{"line":77,"column":2},"end":{"line":77,"column":3}},"loc":{"start":{"line":77,"column":34},"end":{"line":94,"column":3}},"line":77},"7":{"name":"(anonymous_7)","decl":{"start":{"line":97,"column":2},"end":{"line":97,"column":3}},"loc":{"start":{"line":97,"column":14},"end":{"line":107,"column":3}},"line":97},"8":{"name":"(anonymous_8)","decl":{"start":{"line":109,"column":2},"end":{"line":109,"column":3}},"loc":{"start":{"line":109,"column":39},"end":{"line":124,"column":3}},"line":109}},"branchMap":{"0":{"loc":{"start":{"line":23,"column":4},"end":{"line":28,"column":5}},"type":"if","locations":[{"start":{"line":23,"column":4},"end":{"line":28,"column":5}},{"start":{},"end":{}}],"line":23},"1":{"loc":{"start":{"line":37,"column":4},"end":{"line":56,"column":5}},"type":"if","locations":[{"start":{"line":37,"column":4},"end":{"line":56,"column":5}},{"start":{"line":42,"column":11},"end":{"line":56,"column":5}}],"line":37},"2":{"loc":{"start":{"line":42,"column":11},"end":{"line":56,"column":5}},"type":"if","locations":[{"start":{"line":42,"column":11},"end":{"line":56,"column":5}},{"start":{"line":53,"column":10},"end":{"line":56,"column":5}}],"line":42},"3":{"loc":{"start":{"line":72,"column":4},"end":{"line":74,"column":5}},"type":"if","locations":[{"start":{"line":72,"column":4},"end":{"line":74,"column":5}},{"start":{},"end":{}}],"line":72},"4":{"loc":{"start":{"line":72,"column":8},"end":{"line":72,"column":45}},"type":"binary-expr","locations":[{"start":{"line":72,"column":8},"end":{"line":72,"column":18}},{"start":{"line":72,"column":22},"end":{"line":72,"column":45}}],"line":72},"5":{"loc":{"start":{"line":80,"column":4},"end":{"line":93,"column":5}},"type":"switch","locations":[{"start":{"line":81,"column":6},"end":{"line":82,"column":27}},{"start":{"line":83,"column":6},"end":{"line":84,"column":27}},{"start":{"line":85,"column":6},"end":{"line":86,"column":27}},{"start":{"line":87,"column":6},"end":{"line":90,"column":27}},{"start":{"line":91,"column":6},"end":{"line":92,"column":44}}],"line":80},"6":{"loc":{"start":{"line":88,"column":8},"end":{"line":89,"column":52}},"type":"if","locations":[{"start":{"line":88,"column":8},"end":{"line":89,"column":52}},{"start":{},"end":{}}],"line":88},"7":{"loc":{"start":{"line":99,"column":4},"end":{"line":101,"column":5}},"type":"if","locations":[{"start":{"line":99,"column":4},"end":{"line":101,"column":5}},{"start":{},"end":{}}],"line":99},"8":{"loc":{"start":{"line":99,"column":8},"end":{"line":99,"column":57}},"type":"binary-expr","locations":[{"start":{"line":99,"column":8},"end":{"line":99,"column":24}},{"start":{"line":99,"column":28},"end":{"line":99,"column":57}}],"line":99},"9":{"loc":{"start":{"line":103,"column":4},"end":{"line":105,"column":5}},"type":"if","locations":[{"start":{"line":103,"column":4},"end":{"line":105,"column":5}},{"start":{},"end":{}}],"line":103},"10":{"loc":{"start":{"line":110,"column":4},"end":{"line":123,"column":5}},"type":"switch","locations":[{"start":{"line":111,"column":6},"end":{"line":111,"column":17}},{"start":{"line":112,"column":6},"end":{"line":113,"column":25}},{"start":{"line":114,"column":6},"end":{"line":115,"column":49}},{"start":{"line":116,"column":6},"end":{"line":120,"column":45}},{"start":{"line":121,"column":6},"end":{"line":122,"column":44}}],"line":110},"11":{"loc":{"start":{"line":115,"column":19},"end":{"line":115,"column":48}},"type":"binary-expr","locations":[{"start":{"line":115,"column":19},"end":{"line":115,"column":35}},{"start":{"line":115,"column":39},"end":{"line":115,"column":48}}],"line":115},"12":{"loc":{"start":{"line":117,"column":8},"end":{"line":119,"column":9}},"type":"if","locations":[{"start":{"line":117,"column":8},"end":{"line":119,"column":9}},{"start":{},"end":{}}],"line":117},"13":{"loc":{"start":{"line":120,"column":15},"end":{"line":120,"column":44}},"type":"binary-expr","locations":[{"start":{"line":120,"column":15},"end":{"line":120,"column":31}},{"start":{"line":120,"column":35},"end":{"line":120,"column":44}}],"line":120}},"s":{"0":1,"1":19,"2":19,"3":13,"4":10,"5":10,"6":10,"7":10,"8":7,"9":6,"10":6,"11":3,"12":2,"13":2,"14":2,"15":1,"16":1,"17":6,"18":4,"19":4,"20":1,"21":1,"22":1,"23":1,"24":3,"25":2,"26":2,"27":2,"28":2,"29":2,"30":2,"31":1,"32":1,"33":3,"34":1,"35":1,"36":1,"37":1,"38":1,"39":1,"40":31,"41":3,"42":16,"43":15,"44":13,"45":11,"46":0,"47":1,"48":0,"49":0,"50":0,"51":1,"52":17,"53":17,"54":3,"55":14,"56":3,"57":6,"58":3,"59":1,"60":1,"61":1,"62":0,"63":1,"64":1},"f":{"0":19,"1":13,"2":7,"3":6,"4":3,"5":31,"6":16,"7":17,"8":6},"b":{"0":[3,1],"1":[1,3],"2":[2,1],"3":[3,28],"4":[31,31],"5":[11,0,1,0,1],"6":[0,0],"7":[3,14],"8":[17,14],"9":[3,11],"10":[3,3,1,1,1],"11":[1,1],"12":[1,0],"13":[0,0]},"_coverageSchema":"1a1c01bbd47fc00a2c39e90264f33305004495a9","hash":"a5ee507ed6132f57aa2bcd8ea666c3a83fbbfa31"}
}
