TN:
SF:calculator.js
FN:2,(anonymous_0)
FNF:1
FNH:1
FNDA:10,(anonymous_0)
DA:3,10
DA:4,10
DA:5,10
DA:6,10
DA:9,1
LF:5
LH:5
BRF:0
BRH:0
end_of_record
TN:
SF:calculatorList.js
FN:5,(anonymous_0)
FN:11,(anonymous_1)
FN:20,(anonymous_2)
FN:34,(anonymous_3)
FN:61,(anonymous_4)
FN:71,(anonymous_5)
FN:77,(anonymous_6)
FN:97,(anonymous_7)
FN:109,(anonymous_8)
FNF:9
FNH:9
FNDA:19,(anonymous_0)
FNDA:13,(anonymous_1)
FNDA:7,(anonymous_2)
FNDA:6,(anonymous_3)
FNDA:3,(anonymous_4)
FNDA:31,(anonymous_5)
FNDA:16,(anonymous_6)
FNDA:17,(anonymous_7)
FNDA:6,(anonymous_8)
DA:2,1
DA:6,19
DA:7,19
DA:12,13
DA:13,10
DA:14,10
DA:15,10
DA:16,10
DA:21,7
DA:22,6
DA:23,6
DA:24,3
DA:25,2
DA:26,2
DA:27,2
DA:29,1
DA:30,1
DA:35,6
DA:36,4
DA:37,4
DA:38,1
DA:39,1
DA:40,1
DA:41,1
DA:42,3
DA:44,2
DA:46,2
DA:47,2
DA:49,2
DA:50,2
DA:52,2
DA:54,1
DA:55,1
DA:62,3
DA:63,1
DA:64,1
DA:65,1
DA:66,1
DA:67,1
DA:68,1
DA:72,31
DA:73,3
DA:78,16
DA:79,15
DA:80,13
DA:82,11
DA:84,0
DA:86,1
DA:88,0
DA:89,0
DA:90,0
DA:92,1
DA:98,17
DA:99,17
DA:100,3
DA:103,14
DA:104,3
DA:110,6
DA:113,3
DA:115,1
DA:117,1
DA:118,1
DA:120,0
DA:122,1
DA:127,1
LF:65
LH:60
BRDA:23,0,0,3
BRDA:23,0,1,1
BRDA:37,1,0,1
BRDA:37,1,1,3
BRDA:42,2,0,2
BRDA:42,2,1,1
BRDA:72,3,0,3
BRDA:72,3,1,28
BRDA:72,4,0,31
BRDA:72,4,1,31
BRDA:80,5,0,11
BRDA:80,5,1,0
BRDA:80,5,2,1
BRDA:80,5,3,0
BRDA:80,5,4,1
BRDA:88,6,0,0
BRDA:88,6,1,0
BRDA:99,7,0,3
BRDA:99,7,1,14
BRDA:99,8,0,17
BRDA:99,8,1,14
BRDA:103,9,0,3
BRDA:103,9,1,11
BRDA:110,10,0,3
BRDA:110,10,1,3
BRDA:110,10,2,1
BRDA:110,10,3,1
BRDA:110,10,4,1
BRDA:115,11,0,1
BRDA:115,11,1,1
BRDA:117,12,0,1
BRDA:117,12,1,0
BRDA:120,13,0,0
BRDA:120,13,1,0
BRF:34
BRH:27
end_of_record
